  Camera.cpp
  D3DResourceLeakchecker.cpp
  DirectXCommon.cpp
  imgui.cpp
  imgui_demo.cpp
  imgui_draw.cpp
  imgui_impl_dx12.cpp
  imgui_impl_win32.cpp
  imgui_tables.cpp
  imgui_widgets.cpp
  Input.cpp
  Logger.cpp
  main.cpp
  MathFanctions.cpp
  Model.cpp
  ModelCommon.cpp
  ModelManager.cpp
  Object3d.cpp
  Object3dCommon.cpp
  Sprite.cpp
  SpriteCommon.cpp
  StringUtility.cpp
  TextureManager.cpp
  WinApp.cpp
  DirectXGame.vcxproj -> C:\GE3\x64\Debug\DirectXGame.exe
          1 個のファイルをコピーしました。
          1 個のファイルをコピーしました。
